<?xml version="1.0" encoding="utf-8"?><testsuites><testsuite name="pytest" errors="0" failures="0" skipped="0" tests="3" time="0.017" timestamp="2023-08-22T14:17:08.160277" hostname="bruno"><testcase classname="produtos.tests.test_sample" name="test_cuser_create_correto" time="0.001" /><testcase classname="produtos.tests.test_sample" name="test_cuser_create_validavao_email_unico" time="0.001" /><testcase classname="produtos.tests.test_sample" name="test_users_delete" time="0.001" /></testsuite></testsuites>